The system is: Windows - 10.0.17763 - AMD64
Compiling the C compiler identification source file "CMakeCCompilerId.c" succeeded.
Compiler: C:/Program Files (x86)/Microsoft Visual Studio/2019/Community/VC/Tools/MSVC/14.27.29110/bin/Hostx64/x64/cl.exe 
Build flags: 
Id flags:  

The output was:
0
Оптимизирующий компилятор Microsoft (R) C/C++ версии 19.27.29112 для x64
(C) Корпорация Майкрософт (Microsoft Corporation).  Все права защищены.

CMakeCCompilerId.c
Microsoft (R) Incremental Linker Version 14.27.29112.0
Copyright (C) Microsoft Corporation.  All rights reserved.

/out:CMakeCCompilerId.exe 
CMakeCCompilerId.obj 


Compilation of the C compiler identification source "CMakeCCompilerId.c" produced "CMakeCCompilerId.exe"

Compilation of the C compiler identification source "CMakeCCompilerId.c" produced "CMakeCCompilerId.obj"

The C compiler identification is MSVC, found in "C:/Workspace_turtle_1/build/CMakeFiles/3.18.2/CompilerIdC/CMakeCCompilerId.exe"

Compiling the CXX compiler identification source file "CMakeCXXCompilerId.cpp" succeeded.
Compiler: C:/Program Files (x86)/Microsoft Visual Studio/2019/Community/VC/Tools/MSVC/14.27.29110/bin/Hostx64/x64/cl.exe 
Build flags: 
Id flags:  

The output was:
0
Оптимизирующий компилятор Microsoft (R) C/C++ версии 19.27.29112 для x64
(C) Корпорация Майкрософт (Microsoft Corporation).  Все права защищены.

CMakeCXXCompilerId.cpp
Microsoft (R) Incremental Linker Version 14.27.29112.0
Copyright (C) Microsoft Corporation.  All rights reserved.

/out:CMakeCXXCompilerId.exe 
CMakeCXXCompilerId.obj 


Compilation of the CXX compiler identification source "CMakeCXXCompilerId.cpp" produced "CMakeCXXCompilerId.exe"

Compilation of the CXX compiler identification source "CMakeCXXCompilerId.cpp" produced "CMakeCXXCompilerId.obj"

The CXX compiler identification is MSVC, found in "C:/Workspace_turtle_1/build/CMakeFiles/3.18.2/CompilerIdCXX/CMakeCXXCompilerId.exe"

Detecting C compiler ABI info compiled with the following output:
Change Dir: C:/Workspace_turtle_1/build/CMakeFiles/CMakeTmp

Run Build Command(s):nmake /nologo cmTC_e2ee9\fast && 	"C:\Program Files (x86)\Microsoft Visual Studio\2019\Community\VC\Tools\MSVC\14.27.29110\bin\HostX64\x64\nmake.exe"  -f CMakeFiles\cmTC_e2ee9.dir\build.make /nologo -L                  CMakeFiles\cmTC_e2ee9.dir\build
Building C object CMakeFiles/cmTC_e2ee9.dir/CMakeCCompilerABI.c.obj
	C:\PROGRA~2\MICROS~3\2019\COMMUN~1\VC\Tools\MSVC\1427~1.291\bin\Hostx64\x64\cl.exe @C:\Users\Admin\AppData\Local\Temp\nm7586.tmp
CMakeCCompilerABI.c
Linking C executable cmTC_e2ee9.exe
	C:\opt\ros\noetic\x64\Lib\site-packages\cmake\data\bin\cmake.exe -E vs_link_exe --intdir=CMakeFiles\cmTC_e2ee9.dir --rc=C:\PROGRA~2\WINDOW~1\10\bin\100183~1.0\x64\rc.exe --mt=C:\PROGRA~2\WINDOW~1\10\bin\100183~1.0\x64\mt.exe --manifests -- C:\PROGRA~2\MICROS~3\2019\COMMUN~1\VC\Tools\MSVC\1427~1.291\bin\Hostx64\x64\link.exe /nologo @CMakeFiles\cmTC_e2ee9.dir\objects1.rsp @C:\Users\Admin\AppData\Local\Temp\nm76BF.tmp



Detecting CXX compiler ABI info compiled with the following output:
Change Dir: C:/Workspace_turtle_1/build/CMakeFiles/CMakeTmp

Run Build Command(s):nmake /nologo cmTC_75bfd\fast && 	"C:\Program Files (x86)\Microsoft Visual Studio\2019\Community\VC\Tools\MSVC\14.27.29110\bin\HostX64\x64\nmake.exe"  -f CMakeFiles\cmTC_75bfd.dir\build.make /nologo -L                  CMakeFiles\cmTC_75bfd.dir\build
Building CXX object CMakeFiles/cmTC_75bfd.dir/CMakeCXXCompilerABI.cpp.obj
	C:\PROGRA~2\MICROS~3\2019\COMMUN~1\VC\Tools\MSVC\1427~1.291\bin\Hostx64\x64\cl.exe @C:\Users\Admin\AppData\Local\Temp\nm77B8.tmp
CMakeCXXCompilerABI.cpp
Linking CXX executable cmTC_75bfd.exe
	C:\opt\ros\noetic\x64\Lib\site-packages\cmake\data\bin\cmake.exe -E vs_link_exe --intdir=CMakeFiles\cmTC_75bfd.dir --rc=C:\PROGRA~2\WINDOW~1\10\bin\100183~1.0\x64\rc.exe --mt=C:\PROGRA~2\WINDOW~1\10\bin\100183~1.0\x64\mt.exe --manifests -- C:\PROGRA~2\MICROS~3\2019\COMMUN~1\VC\Tools\MSVC\1427~1.291\bin\Hostx64\x64\link.exe /nologo @CMakeFiles\cmTC_75bfd.dir\objects1.rsp @C:\Users\Admin\AppData\Local\Temp\nm77E8.tmp



